<?xml version="1.0" encoding="UTF-8"?>
<!-- Generated by org.testng.reporters.JUnitXMLReporter -->
<testsuite ignored="0" hostname="Souviks-MacBook-Air.local" failures="0" tests="4" name="Test" time="8.268" errors="0" timestamp="2023-06-28T19:06:11 IST">
  <testcase classname="Test_Classes.Post_TC1" name="extractor" time="4.423"/>
  <testcase classname="Test_Classes.Get_TC1" name="extractor" time="0.61"/>
  <testcase classname="Test_Classes.Put_TC1" name="extractor" time="1.893"/>
  <testcase classname="Test_Classes.Patch_TC1" name="extractor" time="1.192"/>
</testsuite> <!-- Test -->
